<!DOCTYPE html PUBLIC "-//W3C//DTD XHTML 1.0 Transitional//EN" "http://www.w3.org/TR/xhtml1/DTD/xhtml1-transitional.dtd">
<html xmlns="http://www.w3.org/1999/xhtml">
<head>
<title>Execution report - :</title>
<meta http-equiv="Content-Type" content="text/html; charset=utf-8" />
<link rel="stylesheet" href="public/stylesheets/knacss.css" media="all" />
<link rel="stylesheet" href="public/stylesheets/tweaks.css" media="all" />
<link rel="icon" type="image/png" href="public/images/logo_squash_favicone.ico" />
<link rel="shortcut icon" type="image/x-icon" href="public/images/logo_squash_favicone.ico" />
</head>
<body class="ml2 mr2 mt1">
    <div id="header" class="row">
        <div class="col w20">
            <img class="left" src="public/images/logo_squash.png" alt="Logo Squash" />
        </div>
        <div class="col-mid txtcenter"><h1>Automated Test Execution Report</h1></div>
    </div>
    
    <div id="content">
        <div id="summary">
            <div class="info">
                <span>GroupId:&nbsp;</span><br/> 
                <span>ArtifactId:&nbsp;</span><br/> 
                <span>Version:&nbsp;</span><br/> 
                <br/> 
                <span>Execution date:&nbsp;</span>04/15/2019 11:07:20
                <br/>
            </div>

            <!-- GLOBAL SUMMARY -->
            <table class="w100 striped">
                <thead>
                    <tr class="table-header">
                        <th colspan=2>Test Set</th>
                        <th class="w10">Tests</th>
                        <th class="w10"><img src="public/images/Circle_Green.png" />&nbsp;Successes</th>
                        <th class="w10"><img src="public/images/Circle_Yellow.png" />&nbsp;Failures</th>
                        <th class="w10"><img src="public/images/Circle_Red.png" />&nbsp;Errors</th>
                        <th class="w10"><img src="public/images/Circle_Grey.png" />&nbsp;Not run</th>
                        <th class="w10"><img src="public/images/Circle_Grey.png" />&nbsp;Not found</th>
                        <th class="w10">Success Rate</th>
                        <th class="w10">Time (s)</th>
                    </tr>
                </thead>
                    <tbody>
    <tr>
        <td class="center status">
            <div class="w15p"><a href="#maven.test.bundle.runner.WeatherTest">        <img src="public/images/Circle_Green.png" />
</a></div>
        </td>
        <td><a href="#maven.test.bundle.runner.WeatherTest">maven.test.bundle.runner.WeatherTest</a></td>
        <td>1</td>
        <td>1</td>
        <td>0</td>
        <td>0</td>
        <td>0</td>
        <td>0</td>
        <td>100%</td>
        <td>10,219</td>
    </tr>
    <tr>
        <td class="center status">
            <div class="w15p"><a href="#maven.test.bundle.runner.ContactTest">        <img src="public/images/Circle_Green.png" />
</a></div>
        </td>
        <td><a href="#maven.test.bundle.runner.ContactTest">maven.test.bundle.runner.ContactTest</a></td>
        <td>1</td>
        <td>1</td>
        <td>0</td>
        <td>0</td>
        <td>0</td>
        <td>0</td>
        <td>100%</td>
        <td>1,563</td>
    </tr>
    <tr>
        <td class="center status">
            <div class="w15p"><a href="#maven.test.bundle.runner.AccountTest">        <img src="public/images/Circle_Red.png" />
</a></div>
        </td>
        <td><a href="#maven.test.bundle.runner.AccountTest">maven.test.bundle.runner.AccountTest</a></td>
        <td>1</td>
        <td>0</td>
        <td>0</td>
        <td>1</td>
        <td>0</td>
        <td>0</td>
        <td>0%</td>
        <td>1,115</td>
    </tr>
                    </tbody>
                    <tfoot>
                        <tr class="b">
                            <td colspan=2>Total:</td>
                            <td>3</td>
                            <td>2</td>
                            <td>0</td>
                            <td>1</td>
                            <td>0</td>
                            <td>0</td>                        
                            <td>66,667%</td>
                            <td>12,897</td>
                        </tr>
                    </tfoot>
            </table>
            <div class="note">
                Note:
                <ul>
                    <li>"Failures" are anticipated and checked for with assertions whereas "errors" are unanticipated.</li>
                    <li>"Not run" means that the test case was not run, because an error / failure occurred during the ecosystem setup phase.</li>
                    <li>The ecosystem might end up with an "error" or "failure" status, even if all its test cases were successful. It means an error / failure occurred during the ecosystem teardown phase.</li>
                </ul> 
            </div>
        </div>
        
                <div class="ecosystem">
    <div class="ecosystem-header">
        <h2>
            <a id="maven.test.bundle.runner.WeatherTest"></a>        <img src="public/images/Circle_Green.png" />
maven.test.bundle.runner.WeatherTest
        </h2>
    </div>
    <div class="ecosystem-body">
        <div class="ecosystem-summary">
            <table class="w100 striped">
                <thead>
                    <tr class="table-header">
                        <th colspan="2">Script</th>
                        <th class="w10">Status</th>
                        <th class="w10">Time (s)</th>
                    </tr>
                </thead>
                <tbody>
    <tr>
        <td class="center status"><a href="#maven.test.bundle.runner.WeatherTest_runner.WeatherTest.contactTest()">         <img src="public/images/Circle_Green.png" />
 </a></td>
        <td>
                <a href="#maven.test.bundle.runner.WeatherTest_runner.WeatherTest.contactTest()">runner.WeatherTest.contactTest()</a>
        </td>
        <td>        Success
</td>
        <td>
                10,209
        </td>
    </tr>
                </tbody>
            </table>
            <div class="script-link">
                <a href="#header">[Back to top]</a>
            </div>
        </div>    <div class="script">
        <div class="script-header">
            <h3>
                        <img src="public/images/Circle_Green.png" />
<a id="maven.test.bundle.runner.WeatherTest_runner.WeatherTest.contactTest()"></a> runner.WeatherTest.contactTest()
            </h3>
        </div>
        <div class="script-content">
    
            <div class="note">
                <span>Status:&nbsp;</span>        Success
<br/>
                <span>Time (s):&nbsp;</span>10,209
            </div>
    
            <table class="w100 striped">
                <thead>
                    <tr class="table-header">
                        <th colspan="2" class="big">Test steps</th>
                        <th class="w50p txtcenter">Line</th>
                    </tr>
                </thead>
                <tbody>
                        <tr>
                            <td colspan="3"><strong>SETUP :</strong></td>
                        </tr>
    <tr class="a">
        <td class="center status">
        <img src="public/images/Circle_Green.png" />
        </td>
        <td>
            <div class="col">Defining test case : &quot;contactTest()&quot; from &quot;runner.WeatherTest&quot; whith unique id &quot;[engine:junit-jupiter]/[class:runner.WeatherTest]/[method:contactTest()]&quot;</div>
        </td>
        <td class="txtcenter instruction-line">
            0
        </td>
    </tr>
    <tr class="a">
        <td class="center status">
        <img src="public/images/Circle_Green.png" />
        </td>
        <td>
            <div class="col">Running contactTest() from runner.WeatherTest</div>
        </td>
        <td class="txtcenter instruction-line">
            0
        </td>
    </tr>
    <tr class="a">
        <td class="center status">
        <img src="public/images/Circle_Green.png" />
        </td>
        <td>
            <div class="col">Checking test was successful</div>
        </td>
        <td class="txtcenter instruction-line">
            0
        </td>
    </tr>
                
                        <tr>
                            <td colspan="3"><strong>TEST :</strong></td>
                        </tr>
    <tr class="a">
        <td class="center status">
        <img src="public/images/Circle_Green.png" />
        </td>
        <td>
            <div class="col">Defining test case : &quot;contactTest()&quot; from &quot;runner.WeatherTest&quot; whith unique id &quot;[engine:junit-jupiter]/[class:runner.WeatherTest]/[method:contactTest()]&quot;</div>
        </td>
        <td class="txtcenter instruction-line">
            0
        </td>
    </tr>
    <tr class="a">
        <td class="center status">
        <img src="public/images/Circle_Green.png" />
        </td>
        <td>
            <div class="col">Running contactTest() from runner.WeatherTest</div>
        </td>
        <td class="txtcenter instruction-line">
            0
        </td>
    </tr>
    <tr class="a">
        <td class="center status">
        <img src="public/images/Circle_Green.png" />
        </td>
        <td>
            <div class="col">Checking test was successful</div>
        </td>
        <td class="txtcenter instruction-line">
            0
        </td>
    </tr>
                    
                </tbody>
            </table>
            <br/>
        </div>
    </div>
    <div class="script-link">
        <a href="#header">[Back to top]</a>&nbsp;<a href="#maven.test.bundle.runner.WeatherTest">[Back to maven.test.bundle.runner.WeatherTest]</a>
    </div>
    
    </div>
                </div>
                <div class="ecosystem">
    <div class="ecosystem-header">
        <h2>
            <a id="maven.test.bundle.runner.ContactTest"></a>        <img src="public/images/Circle_Green.png" />
maven.test.bundle.runner.ContactTest
        </h2>
    </div>
    <div class="ecosystem-body">
        <div class="ecosystem-summary">
            <table class="w100 striped">
                <thead>
                    <tr class="table-header">
                        <th colspan="2">Script</th>
                        <th class="w10">Status</th>
                        <th class="w10">Time (s)</th>
                    </tr>
                </thead>
                <tbody>
    <tr>
        <td class="center status"><a href="#maven.test.bundle.runner.ContactTest_runner.ContactTest.contactTest()">         <img src="public/images/Circle_Green.png" />
 </a></td>
        <td>
                <a href="#maven.test.bundle.runner.ContactTest_runner.ContactTest.contactTest()">runner.ContactTest.contactTest()</a>
        </td>
        <td>        Success
</td>
        <td>
                1,563
        </td>
    </tr>
                </tbody>
            </table>
            <div class="script-link">
                <a href="#header">[Back to top]</a>
            </div>
        </div>    <div class="script">
        <div class="script-header">
            <h3>
                        <img src="public/images/Circle_Green.png" />
<a id="maven.test.bundle.runner.ContactTest_runner.ContactTest.contactTest()"></a> runner.ContactTest.contactTest()
            </h3>
        </div>
        <div class="script-content">
    
            <div class="note">
                <span>Status:&nbsp;</span>        Success
<br/>
                <span>Time (s):&nbsp;</span>1,563
            </div>
    
            <table class="w100 striped">
                <thead>
                    <tr class="table-header">
                        <th colspan="2" class="big">Test steps</th>
                        <th class="w50p txtcenter">Line</th>
                    </tr>
                </thead>
                <tbody>
                        <tr>
                            <td colspan="3"><strong>SETUP :</strong></td>
                        </tr>
    <tr class="a">
        <td class="center status">
        <img src="public/images/Circle_Green.png" />
        </td>
        <td>
            <div class="col">Defining test case : &quot;contactTest()&quot; from &quot;runner.ContactTest&quot; whith unique id &quot;[engine:junit-jupiter]/[class:runner.ContactTest]/[method:contactTest()]&quot;</div>
        </td>
        <td class="txtcenter instruction-line">
            0
        </td>
    </tr>
    <tr class="a">
        <td class="center status">
        <img src="public/images/Circle_Green.png" />
        </td>
        <td>
            <div class="col">Running contactTest() from runner.ContactTest</div>
        </td>
        <td class="txtcenter instruction-line">
            0
        </td>
    </tr>
    <tr class="a">
        <td class="center status">
        <img src="public/images/Circle_Green.png" />
        </td>
        <td>
            <div class="col">Checking test was successful</div>
        </td>
        <td class="txtcenter instruction-line">
            0
        </td>
    </tr>
                
                        <tr>
                            <td colspan="3"><strong>TEST :</strong></td>
                        </tr>
    <tr class="a">
        <td class="center status">
        <img src="public/images/Circle_Green.png" />
        </td>
        <td>
            <div class="col">Defining test case : &quot;contactTest()&quot; from &quot;runner.ContactTest&quot; whith unique id &quot;[engine:junit-jupiter]/[class:runner.ContactTest]/[method:contactTest()]&quot;</div>
        </td>
        <td class="txtcenter instruction-line">
            0
        </td>
    </tr>
    <tr class="a">
        <td class="center status">
        <img src="public/images/Circle_Green.png" />
        </td>
        <td>
            <div class="col">Running contactTest() from runner.ContactTest</div>
        </td>
        <td class="txtcenter instruction-line">
            0
        </td>
    </tr>
    <tr class="a">
        <td class="center status">
        <img src="public/images/Circle_Green.png" />
        </td>
        <td>
            <div class="col">Checking test was successful</div>
        </td>
        <td class="txtcenter instruction-line">
            0
        </td>
    </tr>
                    
                </tbody>
            </table>
            <br/>
        </div>
    </div>
    <div class="script-link">
        <a href="#header">[Back to top]</a>&nbsp;<a href="#maven.test.bundle.runner.ContactTest">[Back to maven.test.bundle.runner.ContactTest]</a>
    </div>
    
    </div>
                </div>
                <div class="ecosystem">
    <div class="ecosystem-header">
        <h2>
            <a id="maven.test.bundle.runner.AccountTest"></a>        <img src="public/images/Circle_Red.png" />
maven.test.bundle.runner.AccountTest
        </h2>
    </div>
    <div class="ecosystem-body">
        <div class="ecosystem-summary">
            <table class="w100 striped">
                <thead>
                    <tr class="table-header">
                        <th colspan="2">Script</th>
                        <th class="w10">Status</th>
                        <th class="w10">Time (s)</th>
                    </tr>
                </thead>
                <tbody>
    <tr>
        <td class="center status"><a href="#maven.test.bundle.runner.AccountTest_runner.AccountTest.createAccountTest()">         <img src="public/images/Circle_Red.png" />
 </a></td>
        <td>
                <a href="#maven.test.bundle.runner.AccountTest_runner.AccountTest.createAccountTest()">runner.AccountTest.createAccountTest()</a>
        </td>
        <td>        Error
</td>
        <td>
                1,115
        </td>
    </tr>
                </tbody>
            </table>
            <div class="script-link">
                <a href="#header">[Back to top]</a>
            </div>
        </div>    <div class="script">
        <div class="script-header">
            <h3>
                        <img src="public/images/Circle_Red.png" />
<a id="maven.test.bundle.runner.AccountTest_runner.AccountTest.createAccountTest()"></a> runner.AccountTest.createAccountTest()
            </h3>
        </div>
        <div class="script-content">
    
            <div class="note">
                <span>Status:&nbsp;</span>        Error
<br/>
                <span>Time (s):&nbsp;</span>1,115
            </div>
    
            <table class="w100 striped">
                <thead>
                    <tr class="table-header">
                        <th colspan="2" class="big">Test steps</th>
                        <th class="w50p txtcenter">Line</th>
                    </tr>
                </thead>
                <tbody>
                        <tr>
                            <td colspan="3"><strong>SETUP :</strong></td>
                        </tr>
    <tr class="a">
        <td class="center status">
        <img src="public/images/Circle_Green.png" />
        </td>
        <td>
            <div class="col">Defining test case : &quot;createAccountTest()&quot; from &quot;runner.AccountTest&quot; whith unique id &quot;[engine:junit-jupiter]/[class:runner.AccountTest]/[method:createAccountTest()]&quot;</div>
        </td>
        <td class="txtcenter instruction-line">
            0
        </td>
    </tr>
    <tr class="a">
        <td class="center status">
        <img src="public/images/Circle_Red.png" />
        </td>
        <td>
                <div class="col">Running createAccountTest() from runner.AccountTest</div>
                <div class="stack">
    <div class="row">
    <div id="toggle0-expand" class="col-mid toggle-button">
        <a class="toggleClass" name="toggle0"><img src="public/images/expand.png"/></a>
    </div>
    <div id="toggle0-collapse" class="desktop-hidden toggle-button">
        <a class="toggleClass" name="toggle0"><img src="public/images/collapse.png"/></a>
    </div>
        
        <div class="col-mid">Junit test execution for [engine:junit-jupiter]/[class:runner.AccountTest]/[method:createAccountTest()] failed on error : Could not start a new session. Possible causes are invalid address of the remote server or browser start-up failure.
Build info: version: '3.141.59', revision: 'e82be7d358', time: '2018-11-14T08:17:03'
System info: host: 'NXQLX084', ip: '192.168.56.1', os.name: 'Windows 10', os.arch: 'amd64', os.version: '10.0', java.version: '1.8.0_201'
Driver info: driver.version: ChromeDriver</div>
    </div>
    <div class="row">
        <div id="toggle0" class="desktop-hidden small col trace">
            <pre>
org.squashtest.ta.framework.exception.InstructionRuntimeException: Junit test execution for [engine:junit-jupiter]/[class:runner.AccountTest]/[method:createAccountTest()] failed on error : Could not start a new session. Possible causes are invalid address of the remote server or browser start-up failure.
Build info: version: &apos;3.141.59&apos;, revision: &apos;e82be7d358&apos;, time: &apos;2018-11-14T08:17:03&apos;
System info: host: &apos;NXQLX084&apos;, ip: &apos;192.168.56.1&apos;, os.name: &apos;Windows 10&apos;, os.arch: &apos;amd64&apos;, os.version: &apos;10.0&apos;, java.version: &apos;1.8.0_201&apos;
Driver info: driver.version: ChromeDriver
	at org.squashtest.ta.squash.ta.plugin.junit.commands.ExecuteJunit5Bundle.apply(ExecuteJunit5Bundle.java:69)
	at org.squashtest.ta.squash.ta.plugin.junit.commands.ExecuteJunit5Bundle.apply(ExecuteJunit5Bundle.java:1)
	at org.squashtest.ta.backbone.engine.wrapper.CommandHandler.apply(CommandHandler.java:130)
	at org.squashtest.ta.backbone.engine.instructionrunner.DefaultExecuteCommandRunner.doRun(DefaultExecuteCommandRunner.java:79)
	at org.squashtest.ta.backbone.engine.instructionrunner.AbstractDefaultInstructionRunner.run(AbstractDefaultInstructionRunner.java:70)
	at org.squashtest.ta.backbone.engine.impl.TestRunnerImpl.runInstruction(TestRunnerImpl.java:215)
	at org.squashtest.ta.backbone.engine.impl.TestRunnerImpl.runInstructionList(TestRunnerImpl.java:160)
	at org.squashtest.ta.backbone.engine.impl.TestRunnerImpl.runPhase(TestRunnerImpl.java:148)
	at org.squashtest.ta.backbone.engine.impl.TestRunnerImpl.runTest(TestRunnerImpl.java:119)
	at org.squashtest.ta.backbone.engine.impl.EcosystemRunnerImpl.runAllTests(EcosystemRunnerImpl.java:203)
	at org.squashtest.ta.backbone.engine.impl.EcosystemRunnerImpl.run(EcosystemRunnerImpl.java:105)
	at org.squashtest.ta.backbone.engine.impl.SuiteRunnerImpl.execute(SuiteRunnerImpl.java:68)
	at org.squashtest.ta.backbone.engine.impl.EngineImpl.execute(EngineImpl.java:69)
	at org.squashtest.ta.galaxia.squash.ta.junit.runner.maven.SquashTAJunitRunnerMojo.executeImpl(SquashTAJunitRunnerMojo.java:223)
	at org.squashtest.ta.maven.AbstractSquashTaMojo.execution(AbstractSquashTaMojo.java:100)
	at org.squashtest.ta.maven.AbstractBaseSquashTaMojo.execute(AbstractBaseSquashTaMojo.java:85)
	at org.apache.maven.plugin.DefaultBuildPluginManager.executeMojo(DefaultBuildPluginManager.java:134)
	at org.apache.maven.lifecycle.internal.MojoExecutor.execute(MojoExecutor.java:208)
	at org.apache.maven.lifecycle.internal.MojoExecutor.execute(MojoExecutor.java:154)
	at org.apache.maven.lifecycle.internal.MojoExecutor.execute(MojoExecutor.java:146)
	at org.apache.maven.lifecycle.internal.LifecycleModuleBuilder.buildProject(LifecycleModuleBuilder.java:117)
	at org.apache.maven.lifecycle.internal.LifecycleModuleBuilder.buildProject(LifecycleModuleBuilder.java:81)
	at org.apache.maven.lifecycle.internal.builder.singlethreaded.SingleThreadedBuilder.build(SingleThreadedBuilder.java:51)
	at org.apache.maven.lifecycle.internal.LifecycleStarter.execute(LifecycleStarter.java:128)
	at org.apache.maven.DefaultMaven.doExecute(DefaultMaven.java:309)
	at org.apache.maven.DefaultMaven.doExecute(DefaultMaven.java:194)
	at org.apache.maven.DefaultMaven.execute(DefaultMaven.java:107)
	at org.apache.maven.cli.MavenCli.execute(MavenCli.java:993)
	at org.apache.maven.cli.MavenCli.doMain(MavenCli.java:345)
	at org.apache.maven.cli.MavenCli.main(MavenCli.java:191)
	at sun.reflect.NativeMethodAccessorImpl.invoke0(Native Method)
	at sun.reflect.NativeMethodAccessorImpl.invoke(NativeMethodAccessorImpl.java:62)
	at sun.reflect.DelegatingMethodAccessorImpl.invoke(DelegatingMethodAccessorImpl.java:43)
	at java.lang.reflect.Method.invoke(Method.java:498)
	at org.codehaus.plexus.classworlds.launcher.Launcher.launchEnhanced(Launcher.java:289)
	at org.codehaus.plexus.classworlds.launcher.Launcher.launch(Launcher.java:229)
	at org.codehaus.plexus.classworlds.launcher.Launcher.mainWithExitCode(Launcher.java:415)
	at org.codehaus.plexus.classworlds.launcher.Launcher.main(Launcher.java:356)
Caused by: org.openqa.selenium.remote.UnreachableBrowserException: Could not start a new session. Possible causes are invalid address of the remote server or browser start-up failure.
Build info: version: &apos;3.141.59&apos;, revision: &apos;e82be7d358&apos;, time: &apos;2018-11-14T08:17:03&apos;
System info: host: &apos;NXQLX084&apos;, ip: &apos;192.168.56.1&apos;, os.name: &apos;Windows 10&apos;, os.arch: &apos;amd64&apos;, os.version: &apos;10.0&apos;, java.version: &apos;1.8.0_201&apos;
Driver info: driver.version: ChromeDriver
	at org.openqa.selenium.remote.RemoteWebDriver.execute(RemoteWebDriver.java:573)
	at org.openqa.selenium.remote.RemoteWebDriver.startSession(RemoteWebDriver.java:213)
	at org.openqa.selenium.remote.RemoteWebDriver.&lt;init&gt;(RemoteWebDriver.java:131)
	at org.openqa.selenium.chrome.ChromeDriver.&lt;init&gt;(ChromeDriver.java:181)
	at org.openqa.selenium.chrome.ChromeDriver.&lt;init&gt;(ChromeDriver.java:168)
	at org.openqa.selenium.chrome.ChromeDriver.&lt;init&gt;(ChromeDriver.java:123)
	at runner.AccountTest.setUp(AccountTest.java:63)
	at sun.reflect.NativeMethodAccessorImpl.invoke0(Native Method)
	at sun.reflect.NativeMethodAccessorImpl.invoke(NativeMethodAccessorImpl.java:62)
	at sun.reflect.DelegatingMethodAccessorImpl.invoke(DelegatingMethodAccessorImpl.java:43)
	at java.lang.reflect.Method.invoke(Method.java:498)
	at org.junit.platform.commons.util.ReflectionUtils.invokeMethod(ReflectionUtils.java:513)
	at org.junit.jupiter.engine.execution.ExecutableInvoker.invoke(ExecutableInvoker.java:115)
	at org.junit.jupiter.engine.descriptor.ClassTestDescriptor.invokeMethodInExtensionContext(ClassTestDescriptor.java:302)
	at org.junit.jupiter.engine.descriptor.ClassTestDescriptor.lambda$synthesizeBeforeEachMethodAdapter$12(ClassTestDescriptor.java:290)
	at org.junit.jupiter.engine.descriptor.TestMethodTestDescriptor.lambda$invokeBeforeEachMethods$2(TestMethodTestDescriptor.java:135)
	at org.junit.jupiter.engine.execution.ThrowableCollector.execute(ThrowableCollector.java:40)
	at org.junit.jupiter.engine.descriptor.TestMethodTestDescriptor.invokeBeforeMethodsOrCallbacksUntilExceptionOccurs(TestMethodTestDescriptor.java:155)
	at org.junit.jupiter.engine.descriptor.TestMethodTestDescriptor.invokeBeforeEachMethods(TestMethodTestDescriptor.java:134)
	at org.junit.jupiter.engine.descriptor.TestMethodTestDescriptor.execute(TestMethodTestDescriptor.java:109)
	at org.junit.jupiter.engine.descriptor.TestMethodTestDescriptor.execute(TestMethodTestDescriptor.java:58)
	at org.junit.platform.engine.support.hierarchical.HierarchicalTestExecutor$NodeExecutor.lambda$executeRecursively$3(HierarchicalTestExecutor.java:113)
	at org.junit.platform.engine.support.hierarchical.SingleTestExecutor.executeSafely(SingleTestExecutor.java:66)
	at org.junit.platform.engine.support.hierarchical.HierarchicalTestExecutor$NodeExecutor.executeRecursively(HierarchicalTestExecutor.java:108)
	at org.junit.platform.engine.support.hierarchical.HierarchicalTestExecutor$NodeExecutor.execute(HierarchicalTestExecutor.java:79)
	at org.junit.platform.engine.support.hierarchical.HierarchicalTestExecutor$NodeExecutor.lambda$executeRecursively$2(HierarchicalTestExecutor.java:121)
	at java.util.stream.ForEachOps$ForEachOp$OfRef.accept(ForEachOps.java:184)
	at java.util.stream.ReferencePipeline$2$1.accept(ReferencePipeline.java:175)
	at java.util.Iterator.forEachRemaining(Iterator.java:116)
	at java.util.Spliterators$IteratorSpliterator.forEachRemaining(Spliterators.java:1801)
	at java.util.stream.AbstractPipeline.copyInto(AbstractPipeline.java:481)
	at java.util.stream.AbstractPipeline.wrapAndCopyInto(AbstractPipeline.java:471)
	at java.util.stream.ForEachOps$ForEachOp.evaluateSequential(ForEachOps.java:151)
	at java.util.stream.ForEachOps$ForEachOp$OfRef.evaluateSequential(ForEachOps.java:174)
	at java.util.stream.AbstractPipeline.evaluate(AbstractPipeline.java:234)
	at java.util.stream.ReferencePipeline.forEach(ReferencePipeline.java:418)
	at org.junit.platform.engine.support.hierarchical.HierarchicalTestExecutor$NodeExecutor.lambda$executeRecursively$3(HierarchicalTestExecutor.java:121)
	at org.junit.platform.engine.support.hierarchical.SingleTestExecutor.executeSafely(SingleTestExecutor.java:66)
	at org.junit.platform.engine.support.hierarchical.HierarchicalTestExecutor$NodeExecutor.executeRecursively(HierarchicalTestExecutor.java:108)
	at org.junit.platform.engine.support.hierarchical.HierarchicalTestExecutor$NodeExecutor.execute(HierarchicalTestExecutor.java:79)
	at org.junit.platform.engine.support.hierarchical.HierarchicalTestExecutor$NodeExecutor.lambda$executeRecursively$2(HierarchicalTestExecutor.java:121)
	at java.util.stream.ForEachOps$ForEachOp$OfRef.accept(ForEachOps.java:184)
	at java.util.stream.ReferencePipeline$2$1.accept(ReferencePipeline.java:175)
	at java.util.Iterator.forEachRemaining(Iterator.java:116)
	at java.util.Spliterators$IteratorSpliterator.forEachRemaining(Spliterators.java:1801)
	at java.util.stream.AbstractPipeline.copyInto(AbstractPipeline.java:481)
	at java.util.stream.AbstractPipeline.wrapAndCopyInto(AbstractPipeline.java:471)
	at java.util.stream.ForEachOps$ForEachOp.evaluateSequential(ForEachOps.java:151)
	at java.util.stream.ForEachOps$ForEachOp$OfRef.evaluateSequential(ForEachOps.java:174)
	at java.util.stream.AbstractPipeline.evaluate(AbstractPipeline.java:234)
	at java.util.stream.ReferencePipeline.forEach(ReferencePipeline.java:418)
	at org.junit.platform.engine.support.hierarchical.HierarchicalTestExecutor$NodeExecutor.lambda$executeRecursively$3(HierarchicalTestExecutor.java:121)
	at org.junit.platform.engine.support.hierarchical.SingleTestExecutor.executeSafely(SingleTestExecutor.java:66)
	at org.junit.platform.engine.support.hierarchical.HierarchicalTestExecutor$NodeExecutor.executeRecursively(HierarchicalTestExecutor.java:108)
	at org.junit.platform.engine.support.hierarchical.HierarchicalTestExecutor$NodeExecutor.execute(HierarchicalTestExecutor.java:79)
	at org.junit.platform.engine.support.hierarchical.HierarchicalTestExecutor.execute(HierarchicalTestExecutor.java:55)
	at org.junit.platform.engine.support.hierarchical.HierarchicalTestEngine.execute(HierarchicalTestEngine.java:43)
	at org.junit.platform.launcher.core.DefaultLauncher.execute(DefaultLauncher.java:220)
	at org.junit.platform.launcher.core.DefaultLauncher.lambda$execute$6(DefaultLauncher.java:188)
	at org.junit.platform.launcher.core.DefaultLauncher.withInterceptedStreams(DefaultLauncher.java:202)
	at org.junit.platform.launcher.core.DefaultLauncher.execute(DefaultLauncher.java:181)
	at org.junit.platform.launcher.core.DefaultLauncher.execute(DefaultLauncher.java:128)
	at org.squashtest.ta.squash.ta.plugin.junit.library.context.Junit5UniqueIdExecution.perform(Junit5UniqueIdExecution.java:43)
	at org.squashtest.ta.squash.ta.plugin.junit.library.context.Junit5UniqueIdExecution.perform(Junit5UniqueIdExecution.java:1)
	at org.squashtest.ta.squash.ta.plugin.junit.library.context.Junit5ContextImpl.doInClassloadingFirewall(Junit5ContextImpl.java:80)
	at org.squashtest.ta.squash.ta.plugin.junit.library.context.Junit5ContextImpl.launch(Junit5ContextImpl.java:50)
	at org.squashtest.ta.squash.ta.plugin.junit.commands.ExecuteJunit5Bundle.apply(ExecuteJunit5Bundle.java:67)
	... 37 more
	Suppressed: java.lang.NullPointerException
		at runner.AccountTest.tearDown(AccountTest.java:95)
		at sun.reflect.NativeMethodAccessorImpl.invoke0(Native Method)
		at sun.reflect.NativeMethodAccessorImpl.invoke(NativeMethodAccessorImpl.java:62)
		at sun.reflect.DelegatingMethodAccessorImpl.invoke(DelegatingMethodAccessorImpl.java:43)
		at java.lang.reflect.Method.invoke(Method.java:498)
		at org.junit.platform.commons.util.ReflectionUtils.invokeMethod(ReflectionUtils.java:513)
		at org.junit.jupiter.engine.execution.ExecutableInvoker.invoke(ExecutableInvoker.java:115)
		at org.junit.jupiter.engine.descriptor.ClassTestDescriptor.invokeMethodInExtensionContext(ClassTestDescriptor.java:302)
		at org.junit.jupiter.engine.descriptor.ClassTestDescriptor.lambda$synthesizeAfterEachMethodAdapter$13(ClassTestDescriptor.java:294)
		at org.junit.jupiter.engine.descriptor.TestMethodTestDescriptor.lambda$invokeAfterEachMethods$9(TestMethodTestDescriptor.java:211)
		at org.junit.jupiter.engine.execution.ThrowableCollector.execute(ThrowableCollector.java:40)
		at org.junit.jupiter.engine.descriptor.TestMethodTestDescriptor.lambda$invokeAllAfterMethodsOrCallbacks$13(TestMethodTestDescriptor.java:229)
		at java.util.ArrayList.forEach(ArrayList.java:1257)
		at org.junit.jupiter.engine.descriptor.TestMethodTestDescriptor.invokeAllAfterMethodsOrCallbacks(TestMethodTestDescriptor.java:227)
		at org.junit.jupiter.engine.descriptor.TestMethodTestDescriptor.invokeAfterEachMethods(TestMethodTestDescriptor.java:210)
		at org.junit.jupiter.engine.descriptor.TestMethodTestDescriptor.execute(TestMethodTestDescriptor.java:117)
		... 84 more
Caused by: java.lang.NullPointerException: proxySelector == null
	at okhttp3.Address.&lt;init&gt;(Address.java:79)
	at okhttp3.internal.http.RetryAndFollowUpInterceptor.createAddress(RetryAndFollowUpInterceptor.java:212)
	at okhttp3.internal.http.RetryAndFollowUpInterceptor.intercept(RetryAndFollowUpInterceptor.java:112)
	at okhttp3.internal.http.RealInterceptorChain.proceed(RealInterceptorChain.java:147)
	at okhttp3.internal.http.RealInterceptorChain.proceed(RealInterceptorChain.java:121)
	at okhttp3.RealCall.getResponseWithInterceptorChain(RealCall.java:200)
	at okhttp3.RealCall.execute(RealCall.java:77)
	at org.openqa.selenium.remote.internal.OkHttpClient.execute(OkHttpClient.java:103)
	at org.openqa.selenium.remote.ProtocolHandshake.createSession(ProtocolHandshake.java:105)
	at org.openqa.selenium.remote.ProtocolHandshake.createSession(ProtocolHandshake.java:74)
	at org.openqa.selenium.remote.HttpCommandExecutor.execute(HttpCommandExecutor.java:136)
	at org.openqa.selenium.remote.service.DriverCommandExecutor.execute(DriverCommandExecutor.java:83)
	at org.openqa.selenium.remote.RemoteWebDriver.execute(RemoteWebDriver.java:552)
	... 103 more

            </pre>
        </div>
    </div>
                </div>
        </td>
        <td class="txtcenter instruction-line">
            0
        </td>
    </tr>
    <tr class="a">
        <td class="center status">
        <img src="public/images/Circle_Grey.png" />
        </td>
        <td>
            <div class="col">Checking test was successful</div>
        </td>
        <td class="txtcenter instruction-line">
            0
        </td>
    </tr>
                
                        <tr>
                            <td colspan="3"><strong>TEST :</strong></td>
                        </tr>
    <tr class="a">
        <td class="center status">
        <img src="public/images/Circle_Green.png" />
        </td>
        <td>
            <div class="col">Defining test case : &quot;createAccountTest()&quot; from &quot;runner.AccountTest&quot; whith unique id &quot;[engine:junit-jupiter]/[class:runner.AccountTest]/[method:createAccountTest()]&quot;</div>
        </td>
        <td class="txtcenter instruction-line">
            0
        </td>
    </tr>
    <tr class="a">
        <td class="center status">
        <img src="public/images/Circle_Red.png" />
        </td>
        <td>
                <div class="col">Running createAccountTest() from runner.AccountTest</div>
                <div class="stack">
    <div class="row">
    <div id="toggle1-expand" class="col-mid toggle-button">
        <a class="toggleClass" name="toggle1"><img src="public/images/expand.png"/></a>
    </div>
    <div id="toggle1-collapse" class="desktop-hidden toggle-button">
        <a class="toggleClass" name="toggle1"><img src="public/images/collapse.png"/></a>
    </div>
        
        <div class="col-mid">Junit test execution for [engine:junit-jupiter]/[class:runner.AccountTest]/[method:createAccountTest()] failed on error : Could not start a new session. Possible causes are invalid address of the remote server or browser start-up failure.
Build info: version: '3.141.59', revision: 'e82be7d358', time: '2018-11-14T08:17:03'
System info: host: 'NXQLX084', ip: '192.168.56.1', os.name: 'Windows 10', os.arch: 'amd64', os.version: '10.0', java.version: '1.8.0_201'
Driver info: driver.version: ChromeDriver</div>
    </div>
    <div class="row">
        <div id="toggle1" class="desktop-hidden small col trace">
            <pre>
org.squashtest.ta.framework.exception.InstructionRuntimeException: Junit test execution for [engine:junit-jupiter]/[class:runner.AccountTest]/[method:createAccountTest()] failed on error : Could not start a new session. Possible causes are invalid address of the remote server or browser start-up failure.
Build info: version: &apos;3.141.59&apos;, revision: &apos;e82be7d358&apos;, time: &apos;2018-11-14T08:17:03&apos;
System info: host: &apos;NXQLX084&apos;, ip: &apos;192.168.56.1&apos;, os.name: &apos;Windows 10&apos;, os.arch: &apos;amd64&apos;, os.version: &apos;10.0&apos;, java.version: &apos;1.8.0_201&apos;
Driver info: driver.version: ChromeDriver
	at org.squashtest.ta.squash.ta.plugin.junit.commands.ExecuteJunit5Bundle.apply(ExecuteJunit5Bundle.java:69)
	at org.squashtest.ta.squash.ta.plugin.junit.commands.ExecuteJunit5Bundle.apply(ExecuteJunit5Bundle.java:1)
	at org.squashtest.ta.backbone.engine.wrapper.CommandHandler.apply(CommandHandler.java:130)
	at org.squashtest.ta.backbone.engine.instructionrunner.DefaultExecuteCommandRunner.doRun(DefaultExecuteCommandRunner.java:79)
	at org.squashtest.ta.backbone.engine.instructionrunner.AbstractDefaultInstructionRunner.run(AbstractDefaultInstructionRunner.java:70)
	at org.squashtest.ta.backbone.engine.impl.TestRunnerImpl.runInstruction(TestRunnerImpl.java:215)
	at org.squashtest.ta.backbone.engine.impl.TestRunnerImpl.runInstructionList(TestRunnerImpl.java:160)
	at org.squashtest.ta.backbone.engine.impl.TestRunnerImpl.runPhase(TestRunnerImpl.java:148)
	at org.squashtest.ta.backbone.engine.impl.TestRunnerImpl.runTest(TestRunnerImpl.java:119)
	at org.squashtest.ta.backbone.engine.impl.EcosystemRunnerImpl.runAllTests(EcosystemRunnerImpl.java:203)
	at org.squashtest.ta.backbone.engine.impl.EcosystemRunnerImpl.run(EcosystemRunnerImpl.java:105)
	at org.squashtest.ta.backbone.engine.impl.SuiteRunnerImpl.execute(SuiteRunnerImpl.java:68)
	at org.squashtest.ta.backbone.engine.impl.EngineImpl.execute(EngineImpl.java:69)
	at org.squashtest.ta.galaxia.squash.ta.junit.runner.maven.SquashTAJunitRunnerMojo.executeImpl(SquashTAJunitRunnerMojo.java:223)
	at org.squashtest.ta.maven.AbstractSquashTaMojo.execution(AbstractSquashTaMojo.java:100)
	at org.squashtest.ta.maven.AbstractBaseSquashTaMojo.execute(AbstractBaseSquashTaMojo.java:85)
	at org.apache.maven.plugin.DefaultBuildPluginManager.executeMojo(DefaultBuildPluginManager.java:134)
	at org.apache.maven.lifecycle.internal.MojoExecutor.execute(MojoExecutor.java:208)
	at org.apache.maven.lifecycle.internal.MojoExecutor.execute(MojoExecutor.java:154)
	at org.apache.maven.lifecycle.internal.MojoExecutor.execute(MojoExecutor.java:146)
	at org.apache.maven.lifecycle.internal.LifecycleModuleBuilder.buildProject(LifecycleModuleBuilder.java:117)
	at org.apache.maven.lifecycle.internal.LifecycleModuleBuilder.buildProject(LifecycleModuleBuilder.java:81)
	at org.apache.maven.lifecycle.internal.builder.singlethreaded.SingleThreadedBuilder.build(SingleThreadedBuilder.java:51)
	at org.apache.maven.lifecycle.internal.LifecycleStarter.execute(LifecycleStarter.java:128)
	at org.apache.maven.DefaultMaven.doExecute(DefaultMaven.java:309)
	at org.apache.maven.DefaultMaven.doExecute(DefaultMaven.java:194)
	at org.apache.maven.DefaultMaven.execute(DefaultMaven.java:107)
	at org.apache.maven.cli.MavenCli.execute(MavenCli.java:993)
	at org.apache.maven.cli.MavenCli.doMain(MavenCli.java:345)
	at org.apache.maven.cli.MavenCli.main(MavenCli.java:191)
	at sun.reflect.NativeMethodAccessorImpl.invoke0(Native Method)
	at sun.reflect.NativeMethodAccessorImpl.invoke(NativeMethodAccessorImpl.java:62)
	at sun.reflect.DelegatingMethodAccessorImpl.invoke(DelegatingMethodAccessorImpl.java:43)
	at java.lang.reflect.Method.invoke(Method.java:498)
	at org.codehaus.plexus.classworlds.launcher.Launcher.launchEnhanced(Launcher.java:289)
	at org.codehaus.plexus.classworlds.launcher.Launcher.launch(Launcher.java:229)
	at org.codehaus.plexus.classworlds.launcher.Launcher.mainWithExitCode(Launcher.java:415)
	at org.codehaus.plexus.classworlds.launcher.Launcher.main(Launcher.java:356)
Caused by: org.openqa.selenium.remote.UnreachableBrowserException: Could not start a new session. Possible causes are invalid address of the remote server or browser start-up failure.
Build info: version: &apos;3.141.59&apos;, revision: &apos;e82be7d358&apos;, time: &apos;2018-11-14T08:17:03&apos;
System info: host: &apos;NXQLX084&apos;, ip: &apos;192.168.56.1&apos;, os.name: &apos;Windows 10&apos;, os.arch: &apos;amd64&apos;, os.version: &apos;10.0&apos;, java.version: &apos;1.8.0_201&apos;
Driver info: driver.version: ChromeDriver
	at org.openqa.selenium.remote.RemoteWebDriver.execute(RemoteWebDriver.java:573)
	at org.openqa.selenium.remote.RemoteWebDriver.startSession(RemoteWebDriver.java:213)
	at org.openqa.selenium.remote.RemoteWebDriver.&lt;init&gt;(RemoteWebDriver.java:131)
	at org.openqa.selenium.chrome.ChromeDriver.&lt;init&gt;(ChromeDriver.java:181)
	at org.openqa.selenium.chrome.ChromeDriver.&lt;init&gt;(ChromeDriver.java:168)
	at org.openqa.selenium.chrome.ChromeDriver.&lt;init&gt;(ChromeDriver.java:123)
	at runner.AccountTest.setUp(AccountTest.java:63)
	at sun.reflect.NativeMethodAccessorImpl.invoke0(Native Method)
	at sun.reflect.NativeMethodAccessorImpl.invoke(NativeMethodAccessorImpl.java:62)
	at sun.reflect.DelegatingMethodAccessorImpl.invoke(DelegatingMethodAccessorImpl.java:43)
	at java.lang.reflect.Method.invoke(Method.java:498)
	at org.junit.platform.commons.util.ReflectionUtils.invokeMethod(ReflectionUtils.java:513)
	at org.junit.jupiter.engine.execution.ExecutableInvoker.invoke(ExecutableInvoker.java:115)
	at org.junit.jupiter.engine.descriptor.ClassTestDescriptor.invokeMethodInExtensionContext(ClassTestDescriptor.java:302)
	at org.junit.jupiter.engine.descriptor.ClassTestDescriptor.lambda$synthesizeBeforeEachMethodAdapter$12(ClassTestDescriptor.java:290)
	at org.junit.jupiter.engine.descriptor.TestMethodTestDescriptor.lambda$invokeBeforeEachMethods$2(TestMethodTestDescriptor.java:135)
	at org.junit.jupiter.engine.execution.ThrowableCollector.execute(ThrowableCollector.java:40)
	at org.junit.jupiter.engine.descriptor.TestMethodTestDescriptor.invokeBeforeMethodsOrCallbacksUntilExceptionOccurs(TestMethodTestDescriptor.java:155)
	at org.junit.jupiter.engine.descriptor.TestMethodTestDescriptor.invokeBeforeEachMethods(TestMethodTestDescriptor.java:134)
	at org.junit.jupiter.engine.descriptor.TestMethodTestDescriptor.execute(TestMethodTestDescriptor.java:109)
	at org.junit.jupiter.engine.descriptor.TestMethodTestDescriptor.execute(TestMethodTestDescriptor.java:58)
	at org.junit.platform.engine.support.hierarchical.HierarchicalTestExecutor$NodeExecutor.lambda$executeRecursively$3(HierarchicalTestExecutor.java:113)
	at org.junit.platform.engine.support.hierarchical.SingleTestExecutor.executeSafely(SingleTestExecutor.java:66)
	at org.junit.platform.engine.support.hierarchical.HierarchicalTestExecutor$NodeExecutor.executeRecursively(HierarchicalTestExecutor.java:108)
	at org.junit.platform.engine.support.hierarchical.HierarchicalTestExecutor$NodeExecutor.execute(HierarchicalTestExecutor.java:79)
	at org.junit.platform.engine.support.hierarchical.HierarchicalTestExecutor$NodeExecutor.lambda$executeRecursively$2(HierarchicalTestExecutor.java:121)
	at java.util.stream.ForEachOps$ForEachOp$OfRef.accept(ForEachOps.java:184)
	at java.util.stream.ReferencePipeline$2$1.accept(ReferencePipeline.java:175)
	at java.util.Iterator.forEachRemaining(Iterator.java:116)
	at java.util.Spliterators$IteratorSpliterator.forEachRemaining(Spliterators.java:1801)
	at java.util.stream.AbstractPipeline.copyInto(AbstractPipeline.java:481)
	at java.util.stream.AbstractPipeline.wrapAndCopyInto(AbstractPipeline.java:471)
	at java.util.stream.ForEachOps$ForEachOp.evaluateSequential(ForEachOps.java:151)
	at java.util.stream.ForEachOps$ForEachOp$OfRef.evaluateSequential(ForEachOps.java:174)
	at java.util.stream.AbstractPipeline.evaluate(AbstractPipeline.java:234)
	at java.util.stream.ReferencePipeline.forEach(ReferencePipeline.java:418)
	at org.junit.platform.engine.support.hierarchical.HierarchicalTestExecutor$NodeExecutor.lambda$executeRecursively$3(HierarchicalTestExecutor.java:121)
	at org.junit.platform.engine.support.hierarchical.SingleTestExecutor.executeSafely(SingleTestExecutor.java:66)
	at org.junit.platform.engine.support.hierarchical.HierarchicalTestExecutor$NodeExecutor.executeRecursively(HierarchicalTestExecutor.java:108)
	at org.junit.platform.engine.support.hierarchical.HierarchicalTestExecutor$NodeExecutor.execute(HierarchicalTestExecutor.java:79)
	at org.junit.platform.engine.support.hierarchical.HierarchicalTestExecutor$NodeExecutor.lambda$executeRecursively$2(HierarchicalTestExecutor.java:121)
	at java.util.stream.ForEachOps$ForEachOp$OfRef.accept(ForEachOps.java:184)
	at java.util.stream.ReferencePipeline$2$1.accept(ReferencePipeline.java:175)
	at java.util.Iterator.forEachRemaining(Iterator.java:116)
	at java.util.Spliterators$IteratorSpliterator.forEachRemaining(Spliterators.java:1801)
	at java.util.stream.AbstractPipeline.copyInto(AbstractPipeline.java:481)
	at java.util.stream.AbstractPipeline.wrapAndCopyInto(AbstractPipeline.java:471)
	at java.util.stream.ForEachOps$ForEachOp.evaluateSequential(ForEachOps.java:151)
	at java.util.stream.ForEachOps$ForEachOp$OfRef.evaluateSequential(ForEachOps.java:174)
	at java.util.stream.AbstractPipeline.evaluate(AbstractPipeline.java:234)
	at java.util.stream.ReferencePipeline.forEach(ReferencePipeline.java:418)
	at org.junit.platform.engine.support.hierarchical.HierarchicalTestExecutor$NodeExecutor.lambda$executeRecursively$3(HierarchicalTestExecutor.java:121)
	at org.junit.platform.engine.support.hierarchical.SingleTestExecutor.executeSafely(SingleTestExecutor.java:66)
	at org.junit.platform.engine.support.hierarchical.HierarchicalTestExecutor$NodeExecutor.executeRecursively(HierarchicalTestExecutor.java:108)
	at org.junit.platform.engine.support.hierarchical.HierarchicalTestExecutor$NodeExecutor.execute(HierarchicalTestExecutor.java:79)
	at org.junit.platform.engine.support.hierarchical.HierarchicalTestExecutor.execute(HierarchicalTestExecutor.java:55)
	at org.junit.platform.engine.support.hierarchical.HierarchicalTestEngine.execute(HierarchicalTestEngine.java:43)
	at org.junit.platform.launcher.core.DefaultLauncher.execute(DefaultLauncher.java:220)
	at org.junit.platform.launcher.core.DefaultLauncher.lambda$execute$6(DefaultLauncher.java:188)
	at org.junit.platform.launcher.core.DefaultLauncher.withInterceptedStreams(DefaultLauncher.java:202)
	at org.junit.platform.launcher.core.DefaultLauncher.execute(DefaultLauncher.java:181)
	at org.junit.platform.launcher.core.DefaultLauncher.execute(DefaultLauncher.java:128)
	at org.squashtest.ta.squash.ta.plugin.junit.library.context.Junit5UniqueIdExecution.perform(Junit5UniqueIdExecution.java:43)
	at org.squashtest.ta.squash.ta.plugin.junit.library.context.Junit5UniqueIdExecution.perform(Junit5UniqueIdExecution.java:1)
	at org.squashtest.ta.squash.ta.plugin.junit.library.context.Junit5ContextImpl.doInClassloadingFirewall(Junit5ContextImpl.java:80)
	at org.squashtest.ta.squash.ta.plugin.junit.library.context.Junit5ContextImpl.launch(Junit5ContextImpl.java:50)
	at org.squashtest.ta.squash.ta.plugin.junit.commands.ExecuteJunit5Bundle.apply(ExecuteJunit5Bundle.java:67)
	... 37 more
	Suppressed: java.lang.NullPointerException
		at runner.AccountTest.tearDown(AccountTest.java:95)
		at sun.reflect.NativeMethodAccessorImpl.invoke0(Native Method)
		at sun.reflect.NativeMethodAccessorImpl.invoke(NativeMethodAccessorImpl.java:62)
		at sun.reflect.DelegatingMethodAccessorImpl.invoke(DelegatingMethodAccessorImpl.java:43)
		at java.lang.reflect.Method.invoke(Method.java:498)
		at org.junit.platform.commons.util.ReflectionUtils.invokeMethod(ReflectionUtils.java:513)
		at org.junit.jupiter.engine.execution.ExecutableInvoker.invoke(ExecutableInvoker.java:115)
		at org.junit.jupiter.engine.descriptor.ClassTestDescriptor.invokeMethodInExtensionContext(ClassTestDescriptor.java:302)
		at org.junit.jupiter.engine.descriptor.ClassTestDescriptor.lambda$synthesizeAfterEachMethodAdapter$13(ClassTestDescriptor.java:294)
		at org.junit.jupiter.engine.descriptor.TestMethodTestDescriptor.lambda$invokeAfterEachMethods$9(TestMethodTestDescriptor.java:211)
		at org.junit.jupiter.engine.execution.ThrowableCollector.execute(ThrowableCollector.java:40)
		at org.junit.jupiter.engine.descriptor.TestMethodTestDescriptor.lambda$invokeAllAfterMethodsOrCallbacks$13(TestMethodTestDescriptor.java:229)
		at java.util.ArrayList.forEach(ArrayList.java:1257)
		at org.junit.jupiter.engine.descriptor.TestMethodTestDescriptor.invokeAllAfterMethodsOrCallbacks(TestMethodTestDescriptor.java:227)
		at org.junit.jupiter.engine.descriptor.TestMethodTestDescriptor.invokeAfterEachMethods(TestMethodTestDescriptor.java:210)
		at org.junit.jupiter.engine.descriptor.TestMethodTestDescriptor.execute(TestMethodTestDescriptor.java:117)
		... 84 more
Caused by: java.lang.NullPointerException: proxySelector == null
	at okhttp3.Address.&lt;init&gt;(Address.java:79)
	at okhttp3.internal.http.RetryAndFollowUpInterceptor.createAddress(RetryAndFollowUpInterceptor.java:212)
	at okhttp3.internal.http.RetryAndFollowUpInterceptor.intercept(RetryAndFollowUpInterceptor.java:112)
	at okhttp3.internal.http.RealInterceptorChain.proceed(RealInterceptorChain.java:147)
	at okhttp3.internal.http.RealInterceptorChain.proceed(RealInterceptorChain.java:121)
	at okhttp3.RealCall.getResponseWithInterceptorChain(RealCall.java:200)
	at okhttp3.RealCall.execute(RealCall.java:77)
	at org.openqa.selenium.remote.internal.OkHttpClient.execute(OkHttpClient.java:103)
	at org.openqa.selenium.remote.ProtocolHandshake.createSession(ProtocolHandshake.java:105)
	at org.openqa.selenium.remote.ProtocolHandshake.createSession(ProtocolHandshake.java:74)
	at org.openqa.selenium.remote.HttpCommandExecutor.execute(HttpCommandExecutor.java:136)
	at org.openqa.selenium.remote.service.DriverCommandExecutor.execute(DriverCommandExecutor.java:83)
	at org.openqa.selenium.remote.RemoteWebDriver.execute(RemoteWebDriver.java:552)
	... 103 more

            </pre>
        </div>
    </div>
                </div>
        </td>
        <td class="txtcenter instruction-line">
            0
        </td>
    </tr>
    <tr class="a">
        <td class="center status">
        <img src="public/images/Circle_Grey.png" />
        </td>
        <td>
            <div class="col">Checking test was successful</div>
        </td>
        <td class="txtcenter instruction-line">
            0
        </td>
    </tr>
                    
                </tbody>
            </table>
            <br/>
        </div>
    </div>
    <div class="script-link">
        <a href="#header">[Back to top]</a>&nbsp;<a href="#maven.test.bundle.runner.AccountTest">[Back to maven.test.bundle.runner.AccountTest]</a>
    </div>
    
    </div>
                </div>
        
    </div>
    <div class="footer txtcenter">
        <p>Generated by Squash TA&copy; on 04/15/2019 11:07</p>
    </div>
    <script type="text/javascript" src="public/javascripts/dropdown.js" ></script>
</body>
</html>
